<?xml version="1.0" encoding="UTF-8"?>
<!-- Generated by org.testng.reporters.JUnitXMLReporter -->
<testsuite ignored="1" hostname="LAPTOP-VNBA3OG5" failures="0" tests="1" name="Default test" time="0.053" errors="0" timestamp="2021-10-12T22:00:49 CDT">
  <testcase classname="DistinctElementFromArray.DistinctElementsOfArray" name="test2" time="0.01"/>
  <testcase classname="DistinctElementFromArray.DistinctElementsOfArray" name="test1" time="0.0">
    <ignored/>
  </testcase> <!-- test1 -->
</testsuite> <!-- Default test -->
