<?xml version="1.0" encoding="UTF-8"?>
<testng-results ignored="1" total="2" passed="1" failed="0" skipped="0">
  <reporter-output>
  </reporter-output>
  <suite started-at="2021-10-12T22:00:49 CDT" name="Default suite" finished-at="2021-10-12T22:00:49 CDT" duration-ms="53">
    <groups>
    </groups>
    <test started-at="2021-10-12T22:00:49 CDT" name="Default test" finished-at="2021-10-12T22:00:49 CDT" duration-ms="53">
      <class name="DistinctElementFromArray.DistinctElementsOfArray">
        <test-method signature="test2()[pri:0, instance:DistinctElementFromArray.DistinctElementsOfArray@6a01e23]" started-at="2021-10-12T22:00:49 CDT" name="test2" finished-at="2021-10-12T22:00:49 CDT" duration-ms="10" status="PASS">
          <reporter-output>
          </reporter-output>
        </test-method> <!-- test2 -->
      </class> <!-- DistinctElementFromArray.DistinctElementsOfArray -->
    </test> <!-- Default test -->
  </suite> <!-- Default suite -->
</testng-results>
